<?xml version="1.0" encoding="UTF-8"?>
<testng-results ignored="0" total="1" passed="1" failed="0" skipped="0">
  <reporter-output>
  </reporter-output>
  <suite started-at="2022-08-24T09:26:39 IST" name="Default suite" finished-at="2022-08-24T09:27:07 IST" duration-ms="27481">
    <groups>
      <group name="Dass">
        <method signature="LoginPage.testCase1()[pri:1, instance:org.pageObjectWithoutFactory.LoginPage@3c19aaa5]" name="testCase1" class="org.pageObjectWithoutFactory.LoginPage"/>
      </group> <!-- Dass -->
    </groups>
    <test started-at="2022-08-24T09:26:39 IST" name="Default test" finished-at="2022-08-24T09:27:07 IST" duration-ms="27481">
      <class name="org.pageObjectWithoutFactory.LoginPage">
        <test-method is-config="true" signature="initialization()[pri:0, instance:org.pageObjectWithoutFactory.LoginPage@3c19aaa5]" started-at="2022-08-24T09:26:39 IST" name="initialization" finished-at="2022-08-24T09:27:04 IST" duration-ms="24889" status="PASS">
          <reporter-output>
          </reporter-output>
        </test-method> <!-- initialization -->
        <test-method signature="testCase1()[pri:1, instance:org.pageObjectWithoutFactory.LoginPage@3c19aaa5]" started-at="2022-08-24T09:27:04 IST" name="testCase1" finished-at="2022-08-24T09:27:05 IST" duration-ms="785" status="PASS">
          <reporter-output>
          </reporter-output>
        </test-method> <!-- testCase1 -->
        <test-method is-config="true" signature="browserClose()[pri:0, instance:org.pageObjectWithoutFactory.LoginPage@3c19aaa5]" started-at="2022-08-24T09:27:05 IST" name="browserClose" finished-at="2022-08-24T09:27:07 IST" duration-ms="1662" status="PASS">
          <reporter-output>
          </reporter-output>
        </test-method> <!-- browserClose -->
      </class> <!-- org.pageObjectWithoutFactory.LoginPage -->
    </test> <!-- Default test -->
  </suite> <!-- Default suite -->
</testng-results>
